2025-07-14 19:01:10 [ERROR]: (node:1472) [MONGODB DRIVER] Warning: useNewUrlParser is a deprecated option: useNewUrlParser has no effect since Node.js Driver version 4.0.0 and will be removed in the next major version
(Use `node --trace-warnings ...` to show where the warning was created) 
2025-07-14 19:01:10 [ERROR]: (node:1472) [MONGODB DRIVER] Warning: useUnifiedTopology is a deprecated option: useUnifiedTopology has no effect since Node.js Driver version 4.0.0 and will be removed in the next major version 
2025-07-14 19:01:10 [INFO]: El servidor está escuchando en el puerto 4500 
2025-07-14 19:01:11 [INFO]: Base de datos conectada 
2025-07-14 19:01:11 [INFO]: ✅ Mongoose conectado a MongoDB en: 31.97.42.126 
2025-07-14 19:01:11 [INFO]: 🚀 MongoDB conectado correctamente 
2025-07-14 19:01:11 [INFO]: Conexión establecida con la base de datos 
2025-07-14 19:01:15 [INFO]: Base de Datos sincronizadas 
2025-07-14 19:01:27 [ERROR]: (node:16584) [MONGODB DRIVER] Warning: useNewUrlParser is a deprecated option: useNewUrlParser has no effect since Node.js Driver version 4.0.0 and will be removed in the next major version
(Use `node --trace-warnings ...` to show where the warning was created) 
2025-07-14 19:01:27 [ERROR]: (node:16584) [MONGODB DRIVER] Warning: useUnifiedTopology is a deprecated option: useUnifiedTopology has no effect since Node.js Driver version 4.0.0 and will be removed in the next major version 
2025-07-14 19:01:27 [INFO]: El servidor está escuchando en el puerto 4500 
2025-07-14 19:01:27 [INFO]: Base de datos conectada 
2025-07-14 19:01:27 [INFO]: ✅ Mongoose conectado a MongoDB en: 31.97.42.126 
2025-07-14 19:01:27 [INFO]: 🚀 MongoDB conectado correctamente 
2025-07-14 19:01:28 [INFO]: Conexión establecida con la base de datos 
2025-07-14 19:01:31 [INFO]: Base de Datos sincronizadas 
2025-07-14 19:09:00 [ERROR]: (node:5320) [MONGODB DRIVER] Warning: useNewUrlParser is a deprecated option: useNewUrlParser has no effect since Node.js Driver version 4.0.0 and will be removed in the next major version
(Use `node --trace-warnings ...` to show where the warning was created)
2025-07-14 19:09:00 [ERROR]: (node:5320) [MONGODB DRIVER] Warning: useUnifiedTopology is a deprecated option: useUnifiedTopology has no effect since Node.js Driver version 4.0.0 and will be removed in the next major version
2025-07-14 19:09:00 [INFO]: El servidor está escuchando en el puerto 4500
2025-07-14 19:09:01 [INFO]: Base de datos conectada
2025-07-14 19:09:01 [INFO]: ✅ Mongoose conectado a MongoDB en: 31.97.42.126
2025-07-14 19:09:01 [INFO]: 🚀 MongoDB conectado correctamente
2025-07-14 19:09:01 [INFO]: Conexión establecida con la base de datos
2025-07-14 19:09:05 [INFO]: Base de Datos sincronizadas
